2024-02-27 15:17:02:172 [32minfo[39m: [32mLogin passed[39m
2024-02-27 15:17:03:173 [32minfo[39m: [32mLogin passed[39m
2024-02-27 15:17:03:173 [32minfo[39m: [32mLogin passed[39m
2024-02-27 15:17:03:173 [32minfo[39m: [32mLogin passed[39m
2024-02-27 15:17:03:173 [32minfo[39m: [32mLogin passed[39m
2024-02-27 15:17:03:173 [32minfo[39m: [32mLogin passed[39m
2024-02-27 15:17:04:174 [32minfo[39m: [32mLogin with blank password passed[39m
2024-02-27 15:17:04:174 [32minfo[39m: [32mLogin with blank username passed[39m
2024-02-27 15:17:04:174 [32minfo[39m: [32mLogin with invalid data passed[39m
2024-02-27 15:17:04:174 [32minfo[39m: [32mLogin with invalid data passed[39m
2024-02-27 15:17:05:175 [32minfo[39m: [32mlogout passed[39m
2024-02-27 15:17:09:179 [32minfo[39m: [32mLogin passed[39m
2024-02-27 15:17:10:1710 [32minfo[39m: [32mLogin passed[39m
2024-02-27 15:17:10:1710 [32minfo[39m: [32mLogin passed[39m
2024-02-27 15:17:10:1710 [32minfo[39m: [32mLogin passed[39m
2024-02-27 15:17:11:1711 [32minfo[39m: [32mAdd product to cart passed[39m
2024-02-27 15:17:11:1711 [32minfo[39m: [32mLogin passed[39m
2024-02-27 15:17:11:1711 [32minfo[39m: [32mAdd product to cart passed[39m
2024-02-27 15:17:11:1711 [32minfo[39m: [32mAdd product to cart passed[39m
2024-02-27 15:17:11:1711 [32minfo[39m: [32mAdd product to cart passed[39m
2024-02-27 15:17:12:1712 [32minfo[39m: [32mClick cart button passed[39m
2024-02-27 15:17:12:1712 [32minfo[39m: [32mAdd product to cart passed[39m
2024-02-27 15:17:12:1712 [32minfo[39m: [32mClick cart button passed[39m
2024-02-27 15:17:12:1712 [32minfo[39m: [32mClick cart button passed[39m
2024-02-27 15:17:13:1713 [32minfo[39m: [32mClick cart button passed[39m
2024-02-27 15:17:13:1713 [32minfo[39m: [32mproduct passed[39m
2024-02-27 15:17:14:1714 [32minfo[39m: [32mClick cart button passed[39m
2024-02-27 15:17:14:1714 [32minfo[39m: [32mAdd product to cart passed[39m
2024-02-27 15:17:16:1716 [32minfo[39m: [32mCart passed[39m
2024-02-27 15:17:17:1717 [32minfo[39m: [32mRemove from cart passed[39m
2024-02-27 15:17:18:1718 [32minfo[39m: [32mlogout passed[39m
2024-02-27 15:17:18:1718 [32minfo[39m: [32mCheckout passed[39m
2024-02-27 15:17:18:1718 [32minfo[39m: [32mCheckout passed[39m
2024-02-27 15:17:19:1719 [32minfo[39m: [32mlogout passed[39m
2024-02-27 15:17:19:1719 [32minfo[39m: [32mCheckout passed[39m
2024-02-27 15:17:19:1719 [32minfo[39m: [32mCheckout passed[39m
2024-02-27 15:17:20:1720 [32minfo[39m: [32mlogout passed[39m
2024-02-27 15:17:20:1720 [32minfo[39m: [32mlogout passed[39m
2024-02-27 15:17:21:1721 [32minfo[39m: [32mlogout passed[39m
2024-02-27 15:17:22:1722 [32minfo[39m: [32mlogout passed[39m
2024-02-27 16:11:37:1137 [32minfo[39m: [32mLogin passed[39m
2024-02-27 16:11:37:1137 [32minfo[39m: [32mLogin passed[39m
2024-02-27 16:11:37:1137 [32minfo[39m: [32mLogin passed[39m
2024-02-27 16:11:38:1138 [32minfo[39m: [32mLogin passed[39m
2024-02-27 16:11:38:1138 [32minfo[39m: [32mLogin passed[39m
2024-02-27 16:11:38:1138 [32minfo[39m: [32mLogin passed[39m
2024-02-27 16:11:38:1138 [32minfo[39m: [32mLogin with invalid data passed[39m
2024-02-27 16:11:38:1138 [32minfo[39m: [32mLogin with invalid data passed[39m
2024-02-27 16:11:38:1138 [32minfo[39m: [32mLogin with blank password passed[39m
2024-02-27 16:11:39:1139 [32minfo[39m: [32mLogin with blank username passed[39m
2024-02-27 16:11:40:1140 [32minfo[39m: [32mlogout passed[39m
2024-02-27 16:11:43:1143 [32minfo[39m: [32mLogin passed[39m
2024-02-27 16:11:44:1144 [32minfo[39m: [32mLogin passed[39m
2024-02-27 16:11:44:1144 [32minfo[39m: [32mLogin passed[39m
2024-02-27 16:11:45:1145 [32minfo[39m: [32mLogin passed[39m
2024-02-27 16:11:45:1145 [32minfo[39m: [32mAdd product to cart passed[39m
2024-02-27 16:11:45:1145 [32minfo[39m: [32mAdd product to cart passed[39m
2024-02-27 16:11:45:1145 [32minfo[39m: [32mAdd product to cart passed[39m
2024-02-27 16:11:46:1146 [32minfo[39m: [32mLogin passed[39m
2024-02-27 16:11:46:1146 [32minfo[39m: [32mAdd product to cart passed[39m
2024-02-27 16:11:46:1146 [32minfo[39m: [32mClick cart button passed[39m
2024-02-27 16:11:46:1146 [32minfo[39m: [32mClick cart button passed[39m
2024-02-27 16:11:47:1147 [32minfo[39m: [32mClick cart button passed[39m
2024-02-27 16:11:47:1147 [32minfo[39m: [32mAdd product to cart passed[39m
2024-02-27 16:11:47:1147 [32minfo[39m: [32mClick cart button passed[39m
2024-02-27 16:11:48:1148 [32minfo[39m: [32mproduct passed[39m
2024-02-27 16:11:48:1148 [32minfo[39m: [32mClick cart button passed[39m
2024-02-27 16:11:49:1149 [32minfo[39m: [32mAdd product to cart passed[39m
2024-02-27 16:11:50:1150 [32minfo[39m: [32mCart passed[39m
2024-02-27 16:11:51:1151 [32minfo[39m: [32mRemove from cart passed[39m
2024-02-27 16:11:52:1152 [32minfo[39m: [32mCheckout passed[39m
2024-02-27 16:11:52:1152 [32minfo[39m: [32mlogout passed[39m
2024-02-27 16:11:53:1153 [32minfo[39m: [32mCheckout passed[39m
2024-02-27 16:11:53:1153 [32minfo[39m: [32mlogout passed[39m
2024-02-27 16:11:54:1154 [32minfo[39m: [32mCheckout passed[39m
2024-02-27 16:11:54:1154 [32minfo[39m: [32mlogout passed[39m
2024-02-27 16:11:55:1155 [32minfo[39m: [32mCheckout passed[39m
2024-02-27 16:11:55:1155 [32minfo[39m: [32mlogout passed[39m
2024-02-27 16:11:56:1156 [32minfo[39m: [32mlogout passed[39m
2024-02-27 16:11:57:1157 [32minfo[39m: [32mlogout passed[39m
